<?xml version="1.0" encoding="UTF-8"?>
<testsuite xmlns:xsi="http://www.w3.org/2001/XMLSchema-instance" xsi:noNamespaceSchemaLocation="https://maven.apache.org/surefire/maven-surefire-plugin/xsd/surefire-test-report-3.0.xsd" version="3.0" name="runners.TestRunner" time="19.137" tests="1" errors="0" skipped="0" failures="0">
  <properties>
[...]
</properties>
  <testcase name="Create an account and login with the same credentials" classname="User flow through account creation and login" time="18.746">
    <system-out><![CDATA[
Scenario: Create an account and login with the same credentials           # src/test/resources/features/account.feature:3
  Given the app is launched                                               # stepdefinitions.StepDefinitions.app_is_launched()
  When the user navigates to create account                               # stepdefinitions.StepDefinitions.navigate_create()
  And the user enters "Jose", "Correia", "jose@test.com", "password123"   # stepdefinitions.StepDefinitions.enter_account_info(java.lang.String,java.lang.String,java.lang.String,java.lang.String)
  And the user submits the account creation form                          # stepdefinitions.StepDefinitions.submit_account()
  Then the user is redirected to the main screen                          # stepdefinitions.StepDefinitions.redirected_main()
  When the user navigates to login                                        # stepdefinitions.StepDefinitions.navigate_login()
  And the user enters login credentials "jose@test.com" and "password123" # stepdefinitions.StepDefinitions.login_credentials(java.lang.String,java.lang.String)
  And the user submits the login form                                     # stepdefinitions.StepDefinitions.submit_login()
  Then the user should be logged in                                       # stepdefinitions.StepDefinitions.user_logged_in()
]]></system-out>
  </testcase>
</testsuite>